+ local LOCKFILE=/tmp/mods_driver_lock
+ local LOCK_FD=200
+ local INSTALLED_DRIVER_VERSION=
+ local PKG_DRIVER_VERSION=
+ local RM_MODS=0
+ local MOD_PROBE=0
+ local INSTALL_MODS=0
+ local MODS_DRIVER_BUILD_ARGS=
+ local MODS_DRIVER_EXTRA_CFLAGS=
+ local MODS_DRIVER_KBUILD_EXTRA_SYMBOLS=
+ local FFA_SUPPORT=false
++ dmesg -T
++ wc -l
+ DMESG_OFFSET=1469
+ LOG_DMESG=/home/jetbrains/spark-setup-baremetal/fieldiag-logs/dmesg_driver.log
+ trap collect_dmesg RETURN
++ uname -m
+ [[ aarch64 == \a\a\r\c\h\6\4 ]]
+ [[ false == false ]]
++ uname -r
+ grep ffa-module /lib/modules/6.17.0-1014-nvidia/modules.builtin
kernel/drivers/firmware/arm_ffa/ffa-module.ko
+ FFA_SUPPORT=true
+ echo 'The ffa_module is built-in'
The ffa_module is built-in
+ modinfo einj
filename:       /lib/modules/6.17.0-1014-nvidia/kernel/drivers/acpi/apei/einj.ko.zst
license:        GPL
description:    APEI Error INJection support
author:         Huang Ying
srcversion:     BEBBEFABB18775DE5C11535
depends:        
intree:         Y
name:           einj
vermagic:       6.17.0-1014-nvidia SMP preempt mod_unload modversions aarch64
sig_id:         PKCS#7
signer:         Build time autogenerated kernel key
sig_key:        50:B3:BC:F9:DF:84:B4:77:7B:91:DA:52:87:E8:CD:E8:CE:7F:CD:2A
sig_hashalgo:   sha512
signature:      6B:79:E1:68:C9:55:C1:C3:3D:9B:39:D1:95:1C:C3:D1:E0:0C:DD:C3:
		62:57:A9:7C:75:DC:B2:A9:28:A6:A4:D9:E8:2F:BF:33:EC:1C:DA:35:
		AC:33:0B:8C:E7:AE:47:03:1C:B5:D2:31:2E:BA:10:80:E5:BA:CC:94:
		C1:F2:DE:B7:B8:7D:5C:2B:05:BD:B5:DF:C2:9C:2F:5D:79:35:17:7F:
		46:8F:D6:C0:13:B3:63:A2:F8:97:E3:98:35:1D:5A:7F:D9:06:B0:5D:
		CB:FF:87:27:98:B4:07:18:AA:8C:EB:1C:21:0D:C9:AA:6B:43:F4:F1:
		1E:A3:8B:5A:6B:74:19:E8:13:C2:A1:4E:E7:06:87:58:85:02:52:77:
		FC:82:36:75:30:4A:2E:12:9D:73:8A:06:6B:0B:36:C7:DE:19:DB:F2:
		48:4D:09:58:D8:B3:9A:36:FD:AA:2B:A2:56:56:56:44:26:A2:66:11:
		C2:95:9B:87:C6:7F:2F:2D:DC:46:35:C9:F9:11:C0:B8:0F:7E:EA:60:
		57:82:54:51:05:2E:25:9A:66:1E:F8:39:43:B2:E9:43:3F:02:87:6C:
		2C:66:EE:36:B8:F2:ED:51:24:E3:4B:83:6D:F8:AA:C0:13:17:46:81:
		EF:11:ED:7E:3B:62:1F:0C:10:3D:1E:5F:5B:08:51:50:89:2B:95:72:
		1E:D7:AB:0F:45:AF:BA:14:1C:C3:E5:5A:17:B5:E8:A5:FF:57:FF:86:
		2C:76:68:A1:C6:EE:5C:F1:D7:A0:41:AC:8F:00:7A:D3:60:A9:82:49:
		D8:DC:9E:8F:EF:0C:6B:71:02:6D:86:16:2F:AF:F0:25:CF:16:E3:A3:
		9B:A7:6A:B3:2B:6C:1F:A9:AE:4A:FF:06:56:62:94:13:52:59:DB:81:
		D6:30:BA:2D:FB:E1:C4:96:05:99:66:2D:92:21:D6:D7:A7:C9:B4:B6:
		D2:87:69:1D:47:A4:8A:D3:02:73:58:4E:0C:22:84:E3:B8:6E:63:90:
		A6:28:A5:D2:C0:D6:6A:7C:21:86:03:1B:A8:23:68:CB:AE:13:D1:EA:
		36:37:6E:1F:AD:27:E1:D5:9B:39:8C:BE:B1:EA:15:E5:2E:0A:BC:F9:
		F6:7A:F1:26:FD:23:AB:0F:9F:21:FC:84:1D:30:12:33:69:5D:4A:13:
		9E:DD:D2:97:8F:64:55:E3:52:EA:84:B6:83:C5:87:58:93:BD:C8:67:
		CA:61:5B:5E:A2:B4:89:21:DF:9D:0B:15:7E:A8:E9:E5:19:BC:46:76:
		30:3F:AA:7C:74:95:97:E6:75:B9:8D:0A:F4:C8:37:0D:9A:51:FE:5B:
		53:FE:53:A4:19:4B:2B:03:1F:0F:17:C7
parm:           param_extension:bool
+ modprobe einj
+ eval exec '200>"$LOCKFILE"'
++ exec
+ flock -x 200
+ lsmod
+ grep mods
+ sudo modprobe mods multi_instance=1
+ modprobe mods multi_instance=1
modprobe: FATAL: Module mods not found in directory /lib/modules/6.17.0-1014-nvidia
+ [[ false == false ]]
+ [[ true == true ]]
+ INSTALL_MODS=1
+ [[ ! -z '' ]]
+ which make
+ cd /opt/nvidia/dgx-spark-fieldiag/dgx/tests/driver
+ [[ false != false ]]
+ [[ '' != '' ]]
+ make clean
make -C /lib/modules/6.17.0-1014-nvidia/build M=/opt/nvidia/dgx-spark-fieldiag/dgx/tests/driver clean
make[1]: Entering directory '/usr/src/linux-headers-6.17.0-1014-nvidia'
make[2]: Entering directory '/opt/nvidia/dgx-spark-fieldiag/dgx/tests/driver'
make[2]: Leaving directory '/opt/nvidia/dgx-spark-fieldiag/dgx/tests/driver'
make[1]: Leaving directory '/usr/src/linux-headers-6.17.0-1014-nvidia'
+ make -j 4 EXTRA_CFLAGS+= KBUILD_EXTRA_SYMBOLS+=
make -C /lib/modules/6.17.0-1014-nvidia/build M=/opt/nvidia/dgx-spark-fieldiag/dgx/tests/driver modules
make[1]: Entering directory '/usr/src/linux-headers-6.17.0-1014-nvidia'
make[2]: Entering directory '/opt/nvidia/dgx-spark-fieldiag/dgx/tests/driver'
warning: the compiler differs from the one used to build the kernel
  The kernel was built by: aarch64-linux-gnu-gcc-13 (Ubuntu 13.3.0-6ubuntu2~24.04.1) 13.3.0
  You are using:           gcc-13 (Ubuntu 13.3.0-6ubuntu2~24.04.1) 13.3.0
  CC [M]  mods_krnl.o
  CC [M]  mods_mem.o
  CC [M]  mods_irq.o
  CC [M]  mods_pci.o
  CC [M]  mods_acpi.o
  CC [M]  mods_arm_ffa.o
  CC [M]  mods_debugfs.o
  CC [M]  mods_bpmpipc.o
  LD [M]  mods.o
  MODPOST Module.symvers
WARNING: modpost: missing MODULE_DESCRIPTION() in mods.o
  CC [M]  mods.mod.o
  CC [M]  .module-common.o
  LD [M]  mods.ko
  BTF [M] mods.ko
Skipping BTF generation for mods.ko due to unavailability of vmlinux
make[2]: Leaving directory '/opt/nvidia/dgx-spark-fieldiag/dgx/tests/driver'
make[1]: Leaving directory '/usr/src/linux-headers-6.17.0-1014-nvidia'
++ modinfo /opt/nvidia/dgx-spark-fieldiag/dgx/tests/driver/mods.ko
++ awk '{print $2}'
++ grep -w version
+ PKG_DRIVER_VERSION=4.31
+ cd ../../../
+ [[ -z '' ]]
+ [[ -z 4.31 ]]
+ [[ -z '' ]]
+ INSTALL_MODS=1
+ [[ 1 -eq 0 ]]
+ [[ 0 -eq 1 ]]
+ [[ 0 -eq 1 ]]
+ [[ 1 -eq 1 ]]
+ cd /opt/nvidia/dgx-spark-fieldiag/dgx/tests/driver
+ sudo bash -c ' make install >> /home/jetbrains/spark-setup-baremetal/fieldiag-logs/driver.log 2>&1'
+ bash -c ' make install >> /home/jetbrains/spark-setup-baremetal/fieldiag-logs/driver.log 2>&1'
make -C /lib/modules/6.17.0-1014-nvidia/build M=/opt/nvidia/dgx-spark-fieldiag/dgx/tests/driver modules_install
make[1]: Entering directory '/usr/src/linux-headers-6.17.0-1014-nvidia'
make[2]: Entering directory '/opt/nvidia/dgx-spark-fieldiag/dgx/tests/driver'
  INSTALL /lib/modules/6.17.0-1014-nvidia/updates/mods.ko
  SIGN    /lib/modules/6.17.0-1014-nvidia/updates/mods.ko
  DEPMOD  /lib/modules/6.17.0-1014-nvidia
Warning: modules_install: missing 'System.map' file. Skipping depmod.
make[2]: Leaving directory '/opt/nvidia/dgx-spark-fieldiag/dgx/tests/driver'
make[1]: Leaving directory '/usr/src/linux-headers-6.17.0-1014-nvidia'
+ sudo depmod -a
+ depmod -a
+ sudo insmod mods.ko multi_instance=1
+ insmod mods.ko multi_instance=1
+ cd ../../..
+ setup_mods_module_permissions /home/jetbrains/spark-setup-baremetal/fieldiag-logs/driver.log
+ local LOG=/home/jetbrains/spark-setup-baremetal/fieldiag-logs/driver.log
++ id -g
+ local GROUP=0
+ [[ -e /dev/mods ]]
+ [[ 0 != 0 ]]
+ flock -u 200
+ lsmod
+ grep mods
mods                  200704  0
+ modinfo mods
filename:       /lib/modules/6.17.0-1014-nvidia/updates/mods.ko
version:        4.31
license:        GPL
srcversion:     EEF00964B1F85832B3E441F
depends:        
name:           mods
vermagic:       6.17.0-1014-nvidia SMP preempt mod_unload modversions aarch64
parm:           debug:debug bitflags (2=ioctl 4=pci 8=acpi 16=irq 32=mem 64=fun +256=detailed) (int)
parm:           multi_instance:allows more than one client to simultaneously open the driver (int)
+ sudo modprobe mods multi_instance=1
+ modprobe mods multi_instance=1
+ echo 'MODS driver installed successfully.'
MODS driver installed successfully.
+ set +x
